<?xml version="1.0" encoding="UTF-8"?>
<!-- Generated by org.testng.reporters.JUnitReportReporter -->
<testsuite hostname="e6-56" name="crazy.tools.Dbtool" tests="1" failures="0" timestamp="6 Jan 2015 02:16:19 GMT" time="0.124" errors="0">
  <testcase name="testgetValuebyKey" time="0.124" classname="crazy.tools.Dbtool"/>
</testsuite> <!-- crazy.tools.Dbtool -->
